Thu, 12 Jan 23 14:52:14 +0000
Thu, 12 Jan 23 14:52:14 +0000
Thu, 12 Jan 23 14:52:16 +0000
Thu, 12 Jan 23 14:52:16 +0000
Thu, 12 Jan 23 14:52:17 +0000
Thu, 12 Jan 23 14:52:17 +0000
Thu, 12 Jan 23 14:52:18 +0000
Thu, 12 Jan 23 14:52:18 +0000
Thu, 12 Jan 23 14:55:56 +0000
Thu, 12 Jan 23 14:55:56 +0000
Thu, 12 Jan 23 14:55:58 +0000
Thu, 12 Jan 23 14:56:00 +0000
Thu, 12 Jan 23 14:56:02 +0000
Thu, 12 Jan 23 14:56:03 +0000
Thu, 12 Jan 23 14:56:04 +0000
Thu, 12 Jan 23 14:56:05 +0000
Thu, 12 Jan 23 14:56:05 +0000
Thu, 12 Jan 23 14:56:07 +0000
Thu, 12 Jan 23 14:56:09 +0000
Thu, 12 Jan 23 14:56:10 +0000
Thu, 12 Jan 23 14:56:10 +0000
Thu, 12 Jan 23 14:56:12 +0000
Thu, 12 Jan 23 14:56:12 +0000
Thu, 12 Jan 23 14:56:13 +0000
Thu, 12 Jan 23 14:56:13 +0000
Thu, 12 Jan 23 14:56:13 +0000
Thu, 12 Jan 23 14:56:13 +0000
Thu, 12 Jan 23 14:56:13 +0000
Thu, 12 Jan 23 14:56:13 +0000
Thu, 12 Jan 23 14:56:15 +0000
Thu, 12 Jan 23 14:56:15 +0000
Thu, 12 Jan 23 14:56:46 +0000
Thu, 12 Jan 23 14:56:46 +0000
Thu, 12 Jan 23 14:56:47 +0000
Thu, 12 Jan 23 14:56:47 +0000
Thu, 12 Jan 23 14:56:57 +0000
Thu, 12 Jan 23 14:56:57 +0000
Thu, 12 Jan 23 14:56:59 +0000
Thu, 12 Jan 23 14:57:28 +0000
Thu, 12 Jan 23 14:57:31 +0000
Thu, 12 Jan 23 14:57:31 +0000
Thu, 12 Jan 23 14:57:33 +0000
Thu, 12 Jan 23 14:57:34 +0000
Thu, 12 Jan 23 14:59:25 +0000
Thu, 12 Jan 23 14:59:27 +0000
Thu, 12 Jan 23 14:59:27 +0000
Thu, 12 Jan 23 14:59:30 +0000
Thu, 12 Jan 23 14:59:32 +0000
Thu, 12 Jan 23 14:59:32 +0000
Thu, 12 Jan 23 14:59:33 +0000
Thu, 12 Jan 23 14:59:33 +0000
Thu, 12 Jan 23 14:59:34 +0000
Thu, 12 Jan 23 14:59:34 +0000
Thu, 12 Jan 23 14:59:35 +0000
Thu, 12 Jan 23 14:59:36 +0000
Thu, 12 Jan 23 14:59:36 +0000
Thu, 12 Jan 23 14:59:37 +0000
Thu, 12 Jan 23 14:59:38 +0000
Thu, 12 Jan 23 15:01:00 +0000
Thu, 12 Jan 23 15:01:02 +0000
Thu, 12 Jan 23 15:01:02 +0000
Thu, 12 Jan 23 15:01:04 +0000
Thu, 12 Jan 23 15:01:04 +0000
Thu, 12 Jan 23 15:01:06 +0000
Thu, 12 Jan 23 15:01:07 +0000
Thu, 12 Jan 23 15:01:09 +0000
Thu, 12 Jan 23 15:01:10 +0000
Thu, 12 Jan 23 15:01:10 +0000
Thu, 12 Jan 23 15:01:11 +0000
Thu, 12 Jan 23 15:01:11 +0000
Thu, 12 Jan 23 15:01:11 +0000
Thu, 12 Jan 23 15:01:12 +0000
Thu, 12 Jan 23 15:08:23 +0000
Thu, 12 Jan 23 15:08:24 +0000
Thu, 12 Jan 23 15:08:24 +0000
Thu, 12 Jan 23 15:08:26 +0000
Thu, 12 Jan 23 15:08:26 +0000
Thu, 12 Jan 23 15:08:28 +0000
Thu, 12 Jan 23 15:08:29 +0000
Thu, 12 Jan 23 15:08:29 +0000
Thu, 12 Jan 23 15:08:31 +0000
Thu, 12 Jan 23 15:08:31 +0000
Thu, 12 Jan 23 15:08:40 +0000
Thu, 12 Jan 23 15:08:45 +0000
Thu, 12 Jan 23 15:08:45 +0000
Thu, 12 Jan 23 15:09:00 +0000
Thu, 12 Jan 23 15:09:00 +0000
Thu, 12 Jan 23 15:09:03 +0000
Thu, 12 Jan 23 15:09:04 +0000
Thu, 12 Jan 23 15:09:05 +0000
Thu, 12 Jan 23 15:09:05 +0000
Thu, 12 Jan 23 15:09:06 +0000
Thu, 12 Jan 23 15:09:06 +0000
Thu, 12 Jan 23 15:09:07 +0000
Thu, 12 Jan 23 15:09:07 +0000
Thu, 12 Jan 23 15:09:07 +0000
Thu, 12 Jan 23 15:09:07 +0000
Thu, 12 Jan 23 15:09:09 +0000
Thu, 12 Jan 23 15:09:09 +0000
Thu, 12 Jan 23 15:09:10 +0000
Thu, 12 Jan 23 15:09:32 +0000
Thu, 12 Jan 23 15:09:32 +0000
Thu, 12 Jan 23 15:09:33 +0000
Thu, 12 Jan 23 15:11:29 +0000
Thu, 12 Jan 23 15:11:39 +0000
Thu, 12 Jan 23 15:11:40 +0000
Thu, 12 Jan 23 15:12:10 +0000
Thu, 12 Jan 23 15:12:21 +0000
Thu, 12 Jan 23 15:12:21 +0000
Thu, 12 Jan 23 15:12:22 +0000
Thu, 12 Jan 23 15:12:22 +0000
Thu, 12 Jan 23 15:12:51 +0000
Thu, 12 Jan 23 15:12:52 +0000
Thu, 12 Jan 23 15:12:53 +0000
Thu, 12 Jan 23 15:12:54 +0000
Thu, 12 Jan 23 15:13:18 +0000
Thu, 12 Jan 23 15:13:19 +0000
Thu, 12 Jan 23 15:13:19 +0000
Thu, 12 Jan 23 15:13:19 +0000
Thu, 12 Jan 23 15:13:20 +0000
Thu, 12 Jan 23 15:13:21 +0000
Thu, 12 Jan 23 15:13:22 +0000
Thu, 12 Jan 23 15:13:24 +0000
Thu, 12 Jan 23 15:13:25 +0000
Thu, 12 Jan 23 15:14:06 +0000
Thu, 12 Jan 23 15:14:07 +0000
Thu, 12 Jan 23 15:14:07 +0000
Thu, 12 Jan 23 15:14:10 +0000
Thu, 12 Jan 23 15:14:12 +0000
Thu, 12 Jan 23 15:14:13 +0000
Thu, 12 Jan 23 15:14:13 +0000
Thu, 12 Jan 23 15:14:13 +0000
Thu, 12 Jan 23 15:14:13 +0000
