::1 Wed, 18 Jan 23 16:52:43 +0000
::1 Wed, 18 Jan 23 16:52:43 +0000
::1 Wed, 18 Jan 23 16:52:44 +0000
::1 Wed, 18 Jan 23 16:52:44 +0000
::1 Wed, 18 Jan 23 17:05:23 +0000
::1 Wed, 18 Jan 23 17:07:49 +0000
::1 Wed, 18 Jan 23 17:09:39 +0000
::1 Thu, 19 Jan 23 15:50:39 +0000
::1 Thu, 19 Jan 23 15:50:39 +0000
::1 Thu, 19 Jan 23 15:51:17 +0000
::1 Thu, 19 Jan 23 15:52:12 +0000
::1 Thu, 19 Jan 23 15:53:29 +0000
::1 Thu, 19 Jan 23 15:54:12 +0000
::1 Thu, 19 Jan 23 15:54:35 +0000
::1 Thu, 19 Jan 23 16:35:39 +0000
::1 Thu, 19 Jan 23 16:35:53 +0000
::1 Thu, 19 Jan 23 16:35:54 +0000
::1 Thu, 19 Jan 23 16:36:02 +0000
::1 Thu, 19 Jan 23 16:37:15 +0000
::1 Thu, 19 Jan 23 16:38:42 +0000
::1 Thu, 19 Jan 23 16:39:44 +0000
::1 Thu, 19 Jan 23 16:41:24 +0000
::1 Thu, 19 Jan 23 16:41:52 +0000
::1 Thu, 19 Jan 23 16:41:54 +0000
::1 Thu, 19 Jan 23 17:11:04 +0000
::1 Thu, 19 Jan 23 17:11:08 +0000
::1 Thu, 19 Jan 23 17:18:43 +0000
::1 Thu, 19 Jan 23 17:18:50 +0000
::1 Thu, 19 Jan 23 17:23:26 +0000
::1 Thu, 19 Jan 23 17:25:09 +0000
::1 Thu, 19 Jan 23 17:25:18 +0000
::1 Thu, 19 Jan 23 17:26:18 +0000
::1 Thu, 19 Jan 23 17:27:33 +0000
::1 Thu, 19 Jan 23 17:28:30 +0000
::1 Thu, 19 Jan 23 17:29:29 +0000
::1 Thu, 19 Jan 23 17:29:50 +0000
::1 Thu, 19 Jan 23 17:30:55 +0000
::1 Thu, 19 Jan 23 17:32:51 +0000
::1 Thu, 19 Jan 23 17:33:02 +0000
::1 Thu, 19 Jan 23 17:51:39 +0000
::1 Thu, 19 Jan 23 17:58:04 +0000
::1 Thu, 19 Jan 23 17:58:19 +0000
::1 Fri, 20 Jan 23 14:40:27 +0000
::1 Fri, 20 Jan 23 14:40:37 +0000
::1 Fri, 20 Jan 23 14:41:59 +0000
::1 Fri, 20 Jan 23 14:43:03 +0000
::1 Fri, 20 Jan 23 14:43:24 +0000
::1 Fri, 20 Jan 23 15:17:00 +0000
::1 Fri, 20 Jan 23 15:17:53 +0000
::1 Fri, 20 Jan 23 17:00:02 +0000
::1 Fri, 20 Jan 23 17:07:53 +0000
::1 Fri, 20 Jan 23 17:50:28 +0000
::1 Sun, 22 Jan 23 00:20:05 +0000
::1 Sun, 22 Jan 23 00:40:31 +0000
::1 Tue, 24 Jan 23 00:22:21 +0000
::1 Tue, 24 Jan 23 00:23:42 +0000
::1 Tue, 24 Jan 23 00:23:45 +0000
::1 Tue, 24 Jan 23 00:23:46 +0000
::1 Tue, 24 Jan 23 00:56:20 +0000
::1 Tue, 24 Jan 23 01:02:28 +0000
::1 Tue, 24 Jan 23 01:02:39 +0000
::1 Tue, 24 Jan 23 01:02:43 +0000
::1 Tue, 24 Jan 23 14:13:59 +0000
::1 Tue, 24 Jan 23 14:20:01 +0000
::1 Tue, 24 Jan 23 14:20:33 +0000
::1 Tue, 24 Jan 23 14:20:50 +0000
::1 Tue, 24 Jan 23 14:21:17 +0000
::1 Tue, 24 Jan 23 14:43:43 +0000
::1 Tue, 24 Jan 23 16:37:12 +0000
::1 Tue, 24 Jan 23 16:37:14 +0000
::1 Tue, 24 Jan 23 16:43:03 +0000
::1 Tue, 24 Jan 23 16:44:09 +0000
::1 Tue, 24 Jan 23 17:21:25 +0000
::1 Tue, 24 Jan 23 17:39:05 +0000
::1 Tue, 24 Jan 23 17:39:17 +0000
::1 Wed, 25 Jan 23 02:27:32 +0000
::1 Wed, 25 Jan 23 14:16:30 +0000
::1 Fri, 27 Jan 23 05:23:00 +0000
::1 Fri, 27 Jan 23 06:47:33 +0000
::1 Fri, 27 Jan 23 11:39:45 +0000
::1 Fri, 27 Jan 23 13:53:01 +0000
::1 Fri, 27 Jan 23 15:01:36 +0000
::1 Fri, 27 Jan 23 15:20:37 +0000
::1 Fri, 27 Jan 23 15:23:54 +0000
::1 Fri, 27 Jan 23 15:25:18 +0000
::1 Fri, 27 Jan 23 15:37:52 +0000
::1 Fri, 27 Jan 23 16:51:57 +0000
::1 Fri, 27 Jan 23 22:20:15 +0000
::1 Sat, 28 Jan 23 01:09:56 +0000
::1 Sat, 28 Jan 23 01:49:54 +0000
::1 Sat, 28 Jan 23 02:33:51 +0000
::1 Sat, 28 Jan 23 18:24:22 +0000
::1 Sun, 29 Jan 23 00:26:40 +0000
::1 Sun, 29 Jan 23 00:26:42 +0000
::1 Sun, 29 Jan 23 00:38:59 +0000
::1 Sun, 29 Jan 23 00:43:42 +0000
::1 Sun, 29 Jan 23 00:44:24 +0000
::1 Sun, 29 Jan 23 00:44:25 +0000
::1 Sun, 29 Jan 23 00:45:54 +0000
::1 Sun, 29 Jan 23 00:46:19 +0000
::1 Sun, 29 Jan 23 00:46:20 +0000
::1 Sun, 29 Jan 23 00:47:51 +0000
::1 Sun, 29 Jan 23 00:47:51 +0000
::1 Sun, 29 Jan 23 00:48:05 +0000
::1 Sun, 29 Jan 23 14:14:39 +0000
::1 Sun, 29 Jan 23 14:18:19 +0000
::1 Sun, 29 Jan 23 14:19:57 +0000
::1 Sun, 29 Jan 23 14:20:47 +0000
::1 Sun, 29 Jan 23 14:21:11 +0000
::1 Sun, 29 Jan 23 14:21:14 +0000
::1 Sun, 29 Jan 23 14:21:24 +0000
::1 Sun, 29 Jan 23 14:22:14 +0000
::1 Mon, 30 Jan 23 13:42:26 +0000
::1 Mon, 30 Jan 23 13:48:02 +0000
::1 Mon, 30 Jan 23 13:48:23 +0000
::1 Mon, 30 Jan 23 13:48:35 +0000
::1 Mon, 30 Jan 23 13:48:47 +0000
::1 Mon, 30 Jan 23 13:49:18 +0000
::1 Mon, 30 Jan 23 13:49:35 +0000
::1 Mon, 30 Jan 23 13:50:06 +0000
::1 Mon, 30 Jan 23 13:50:46 +0000
::1 Mon, 30 Jan 23 13:50:56 +0000
::1 Mon, 30 Jan 23 13:51:31 +0000
::1 Mon, 30 Jan 23 13:51:48 +0000
::1 Mon, 30 Jan 23 13:52:22 +0000
::1 Mon, 30 Jan 23 13:52:36 +0000
::1 Mon, 30 Jan 23 13:53:16 +0000
::1 Mon, 30 Jan 23 13:54:05 +0000
::1 Mon, 30 Jan 23 13:54:10 +0000
::1 Mon, 30 Jan 23 13:54:33 +0000
::1 Mon, 30 Jan 23 13:56:57 +0000
::1 Mon, 30 Jan 23 13:57:21 +0000
::1 Mon, 30 Jan 23 13:58:00 +0000
::1 Mon, 30 Jan 23 13:58:14 +0000
::1 Mon, 30 Jan 23 13:58:43 +0000
::1 Mon, 30 Jan 23 13:58:56 +0000
::1 Mon, 30 Jan 23 13:59:21 +0000
::1 Mon, 30 Jan 23 13:59:33 +0000
::1 Mon, 30 Jan 23 16:38:24 +0000
::1 Mon, 30 Jan 23 16:38:34 +0000
::1 Wed, 25 Oct 23 16:43:01 +0000
::1 Wed, 25 Oct 23 16:43:06 +0000
::1 Wed, 25 Oct 23 16:43:29 +0000
::1 Wed, 25 Oct 23 16:43:41 +0000
